<?xml version="1.0" encoding="utf-8"?><testsuites name="pytest tests"><testsuite name="pytest" errors="0" failures="1" skipped="0" tests="26" time="82.289" timestamp="2026-04-22T05:49:03.509120+00:00" hostname="agent-env-289729db-acf8-4fde-bfce-9fb61a1a6e64"><testcase classname="tests.backend_test.TestSystem" name="test_root" time="60.273"><failure message="assert 502 == 200&#10; +  where 502 = &lt;Response [502]&gt;.status_code">tests/backend_test.py:22: in test_root
    assert r.status_code == 200
E   assert 502 == 200
E    +  where 502 = &lt;Response [502]&gt;.status_code</failure></testcase><testcase classname="tests.backend_test.TestSystem" name="test_status" time="14.285" /><testcase classname="tests.backend_test.TestSettings" name="test_get_settings_defaults" time="0.072" /><testcase classname="tests.backend_test.TestSettings" name="test_update_settings_persists" time="0.147" /><testcase classname="tests.backend_test.TestSettings" name="test_toggle_paper_mode" time="0.156" /><testcase classname="tests.backend_test.TestRegime" name="test_regime_now" time="0.047" /><testcase classname="tests.backend_test.TestRegime" name="test_regime_timeline" time="0.049" /><testcase classname="tests.backend_test.TestMarketFlows" name="test_morning_brief" time="0.059" /><testcase classname="tests.backend_test.TestMarketFlows" name="test_eod_summary" time="0.072" /><testcase classname="tests.backend_test.TestMarketFlows" name="test_signals" time="0.057" /><testcase classname="tests.backend_test.TestRiskAndCharges" name="test_charges_today" time="0.053" /><testcase classname="tests.backend_test.TestRiskAndCharges" name="test_risk_monitor" time="0.065" /><testcase classname="tests.backend_test.TestPaperTrading" name="test_seed_demo" time="0.080" /><testcase classname="tests.backend_test.TestPaperTrading" name="test_trades_list_after_seed" time="0.068" /><testcase classname="tests.backend_test.TestPaperTrading" name="test_positions_initially_empty" time="0.047" /><testcase classname="tests.backend_test.TestPaperTrading" name="test_open_and_close_position" time="0.572" /><testcase classname="tests.backend_test.TestPaperTrading" name="test_close_all" time="0.901" /><testcase classname="tests.backend_test.TestChargesMath" name="test_charges_formula" time="0.001" /><testcase classname="tests.backend_test.TestUpstox" name="test_upstox_status" time="0.046" /><testcase classname="tests.backend_test.TestUpstox" name="test_upstox_configure" time="0.046" /><testcase classname="tests.backend_test.TestTelegram" name="test_telegram_status" time="0.046" /><testcase classname="tests.backend_test.TestTelegram" name="test_telegram_configure" time="0.474" /><testcase classname="tests.backend_test.TestTelegram" name="test_telegram_send_test_invalid" time="0.478" /><testcase classname="tests.backend_test.TestBacktest" name="test_backtest_latest_initial" time="0.063" /><testcase classname="tests.backend_test.TestBacktest" name="test_backtest_run" time="3.903" /><testcase classname="tests.backend_test.TestBacktest" name="test_backtest_latest_after_run" time="0.058" /></testsuite></testsuites>